Using pre-set license
Built from '6000.1/staging' branch; Version is '6000.1.5f1 (923722cbbcfc) revision 9582370'; Using compiler version '194234433'; Build Type 'Release'
OS: 'Windows 10  (10.0.19044) 64bit Professional' Language: 'en' Physical Memory: 32691 MB
BatchMode: 1, IsHumanControllingUs: 0, StartBugReporterOnCrash: 0, Is64bit: 1, IsPro: 1
Date: 2025-07-17T11:39:17Z

COMMAND LINE ARGUMENTS:
E:\Program Files\UnityEditors\6000.1.5f1\Editor\Unity.exe
-adb2
-batchMode
-noUpm
-name
AssetImportWorker0
-projectPath
C:/Users/Admin/Desktop/Tactical Defence TD
-logFile
Logs/AssetImportWorker0.log
-srvPort
52019
-job-worker-count
1
-background-job-worker-count
8
-gc-helper-count
1
-name
AssetImport
Successfully changed project path to: C:/Users/Admin/Desktop/Tactical Defence TD
C:/Users/Admin/Desktop/Tactical Defence TD
[UnityMemory] Configuration Parameters - Can be set up in boot.config
    "memorysetup-allocator-temp-initial-block-size-main=262144"
    "memorysetup-allocator-temp-initial-block-size-worker=262144"
    "memorysetup-bucket-allocator-granularity=16"
    "memorysetup-bucket-allocator-bucket-count=8"
    "memorysetup-bucket-allocator-block-size=33554432"
    "memorysetup-bucket-allocator-block-count=8"
    "memorysetup-main-allocator-block-size=16777216"
    "memorysetup-thread-allocator-block-size=16777216"
    "memorysetup-gfx-main-allocator-block-size=16777216"
    "memorysetup-gfx-thread-allocator-block-size=16777216"
    "memorysetup-cache-allocator-block-size=4194304"
    "memorysetup-typetree-allocator-block-size=2097152"
    "memorysetup-profiler-bucket-allocator-granularity=16"
    "memorysetup-profiler-bucket-allocator-bucket-count=8"
    "memorysetup-profiler-bucket-allocator-block-size=33554432"
    "memorysetup-profiler-bucket-allocator-block-count=8"
    "memorysetup-profiler-allocator-block-size=16777216"
    "memorysetup-profiler-editor-allocator-block-size=1048576"
    "memorysetup-temp-allocator-size-main=16777216"
    "memorysetup-job-temp-allocator-block-size=2097152"
    "memorysetup-job-temp-allocator-block-size-background=1048576"
    "memorysetup-job-temp-allocator-reduction-small-platforms=262144"
    "memorysetup-temp-allocator-size-background-worker=32768"
    "memorysetup-temp-allocator-size-job-worker=262144"
    "memorysetup-temp-allocator-size-preload-manager=33554432"
    "memorysetup-temp-allocator-size-nav-mesh-worker=65536"
    "memorysetup-temp-allocator-size-audio-worker=65536"
    "memorysetup-temp-allocator-size-cloud-worker=32768"
    "memorysetup-temp-allocator-size-gi-baking-worker=262144"
    "memorysetup-temp-allocator-size-gi-baking-worker=262144"
    "memorysetup-temp-allocator-size-gi-baking-worker=262144"
    "memorysetup-temp-allocator-size-gi-baking-worker=262144"
    "memorysetup-temp-allocator-size-gi-baking-worker=262144"
    "memorysetup-temp-allocator-size-gfx=262144"
Player connection [12832]  Target information:

Player connection [12832]  * "[IP] 192.168.1.44 [Port] 0 [Flags] 2 [Guid] 1918143692 [EditorId] 1918143692 [Version] 1048832 [Id] WindowsEditor(7,WIN-CKGVM97KG65) [Debug] 1 [PackageName] WindowsEditor [ProjectName] Editor" 

Player connection [12832] Host joined multi-casting on [225.0.0.222:54997]...
Player connection [12832] Host joined alternative multi-casting on [225.0.0.222:34997]...
JobSystem: Creating JobQueue using job-worker-count value 1
Input System module state changed to: Initialized.
[Physics::Module] Initialized fallback backend.
[Physics::Module] Id: 0xdecafbad
Library Redirect Path: Library/
[Physics::Module] Selected backend.
[Physics::Module] Name: PhysX
[Physics::Module] Id: 0xf2b8ea05
[Physics::Module] SDK Version: 4.1.2
[Physics::Module] Integration Version: 1.0.0
[Physics::Module] Threading Mode: Multi-Threaded
Refreshing native plugins compatible for Editor in 20.89 ms, found 4 plugins.
Preloading 0 native plugins for Editor in 0.00 ms.
Initialize engine version: 6000.1.5f1 (923722cbbcfc)
[Subsystems] Discovering subsystems at path E:/Program Files/UnityEditors/6000.1.5f1/Editor/Data/Resources/UnitySubsystems
[Subsystems] Discovering subsystems at path C:/Users/Admin/Desktop/Tactical Defence TD/Assets
GfxDevice: creating device client; kGfxThreadingModeNonThreaded
Direct3D:
    Version:         Direct3D 12 [level 12.1]
    Renderer:        AMD Radeon RX 5500 XT (ID=0x7340)
    Vendor:          ATI
    VRAM:            4055 MB
    App VRAM Budget: 3447 MB
    Driver:          32.0.21013.1000
Initialize mono
Mono path[0] = 'E:/Program Files/UnityEditors/6000.1.5f1/Editor/Data/Managed'
Mono path[1] = 'E:/Program Files/UnityEditors/6000.1.5f1/Editor/Data/MonoBleedingEdge/lib/mono/unityjit-win32'
Mono config path = 'E:/Program Files/UnityEditors/6000.1.5f1/Editor/Data/MonoBleedingEdge/etc'
Using monoOptions --debugger-agent=transport=dt_socket,embedding=1,server=y,suspend=n,address=127.0.0.1:56588
Begin MonoManager ReloadAssembly
Registering precompiled unity dll's ...
Register platform support module: E:/Program Files/UnityEditors/6000.1.5f1/Editor/Data/PlaybackEngines/WindowsStandaloneSupport/UnityEditor.WindowsStandalone.Extensions.dll
Register platform support module: E:/Program Files/UnityEditors/6000.1.5f1/Editor/Data/PlaybackEngines/AndroidPlayer/UnityEditor.Android.Extensions.dll
Register platform support module: E:/Program Files/UnityEditors/6000.1.5f1/Editor/Data/PlaybackEngines/iOSSupport/UnityEditor.iOS.Extensions.dll
Registered in 0.005322 seconds.
- Loaded All Assemblies, in  1.460 seconds
Native extension for iOS target not found
Native extension for Android target not found
Android Extension - Scanning For ADB Devices 912 ms
Native extension for WindowsStandalone target not found
Mono: successfully reloaded assembly
- Finished resetting the current domain, in  7.434 seconds
Domain Reload Profiling: 8892ms
	BeginReloadAssembly (410ms)
		ExecutionOrderSort (0ms)
		DisableScriptedObjects (0ms)
		BackupInstance (0ms)
		ReleaseScriptingObjects (0ms)
		CreateAndSetChildDomain (2ms)
	RebuildCommonClasses (126ms)
	RebuildNativeTypeToScriptingClass (59ms)
	initialDomainReloadingComplete (129ms)
	LoadAllAssembliesAndSetupDomain (733ms)
		LoadAssemblies (408ms)
		RebuildTransferFunctionScriptingTraits (0ms)
		AnalyzeDomain (722ms)
			TypeCache.Refresh (717ms)
				TypeCache.ScanAssembly (681ms)
			BuildScriptInfoCaches (0ms)
			ResolveRequiredComponents (3ms)
	FinalizeReload (7434ms)
		ReleaseScriptCaches (0ms)
		RebuildScriptCaches (0ms)
		SetupLoadedEditorAssemblies (4569ms)
			LogAssemblyErrors (0ms)
			InitializePlatformSupportModulesInManaged (2682ms)
			SetLoadedEditorAssemblies (10ms)
			BeforeProcessingInitializeOnLoad (286ms)
			ProcessInitializeOnLoadAttributes (1225ms)
			ProcessInitializeOnLoadMethodAttributes (364ms)
			AfterProcessingInitializeOnLoad (0ms)
			EditorAssembliesLoaded (2ms)
		ExecutionOrderSort2 (0ms)
		AwakeInstancesAfterBackupRestoration (0ms)
Script 'Packages/com.unity.2d.tilemap.extras/Runtime/Tiles/RuleOverrideTile/AdvancedRuleOverrideTile.cs' will not be compiled because it exists outside the Assets folder and does not to belong to any assembly definition file.
Script 'Packages/com.unity.2d.tilemap.extras/Runtime/GridInformation/GridInformation.cs' will not be compiled because it exists outside the Assets folder and does not to belong to any assembly definition file.
Script 'Packages/com.unity.2d.tilemap.extras/Runtime/Tiles/AnimatedTile/AnimatedTile.cs' will not be compiled because it exists outside the Assets folder and does not to belong to any assembly definition file.
Script 'Packages/com.unity.2d.tilemap.extras/Runtime/Tiles/AutoTile/AutoTile.cs' will not be compiled because it exists outside the Assets folder and does not to belong to any assembly definition file.
Script 'Packages/com.unity.2d.tilemap.extras/Runtime/Tiles/RuleTile/RuleTile.cs' will not be compiled because it exists outside the Assets folder and does not to belong to any assembly definition file.
Script 'Packages/com.unity.2d.tilemap.extras/Runtime/Tiles/RuleOverrideTile/RuleOverrideTile.cs' will not be compiled because it exists outside the Assets folder and does not to belong to any assembly definition file.
Script 'Packages/com.unity.2d.tilemap.extras/Runtime/AssemblyInfo.cs' will not be compiled because it exists outside the Assets folder and does not to belong to any assembly definition file.
Script 'Packages/com.unity.2d.tilemap.extras/Runtime/Tiles/IsometricRuleTile/IsometricRuleTile.cs' will not be compiled because it exists outside the Assets folder and does not to belong to any assembly definition file.
Script 'Packages/com.unity.2d.tilemap.extras/Runtime/Tiles/HexagonalRuleTile/HexagonalRuleTile.cs' will not be compiled because it exists outside the Assets folder and does not to belong to any assembly definition file.
========================================================================
Worker process is ready to serve import requests
Import Worker Mode flag is 0x00
Script 'Packages/com.unity.2d.tilemap.extras/Runtime/Tiles/RuleOverrideTile/AdvancedRuleOverrideTile.cs' will not be compiled because it exists outside the Assets folder and does not to belong to any assembly definition file.
Script 'Packages/com.unity.2d.tilemap.extras/Runtime/GridInformation/GridInformation.cs' will not be compiled because it exists outside the Assets folder and does not to belong to any assembly definition file.
Script 'Packages/com.unity.2d.tilemap.extras/Runtime/Tiles/AnimatedTile/AnimatedTile.cs' will not be compiled because it exists outside the Assets folder and does not to belong to any assembly definition file.
Script 'Packages/com.unity.2d.tilemap.extras/Runtime/Tiles/AutoTile/AutoTile.cs' will not be compiled because it exists outside the Assets folder and does not to belong to any assembly definition file.
Script 'Packages/com.unity.2d.tilemap.extras/Runtime/Tiles/RuleTile/RuleTile.cs' will not be compiled because it exists outside the Assets folder and does not to belong to any assembly definition file.
Script 'Packages/com.unity.2d.tilemap.extras/Runtime/Tiles/RuleOverrideTile/RuleOverrideTile.cs' will not be compiled because it exists outside the Assets folder and does not to belong to any assembly definition file.
Script 'Packages/com.unity.2d.tilemap.extras/Runtime/AssemblyInfo.cs' will not be compiled because it exists outside the Assets folder and does not to belong to any assembly definition file.
Script 'Packages/com.unity.2d.tilemap.extras/Runtime/Tiles/IsometricRuleTile/IsometricRuleTile.cs' will not be compiled because it exists outside the Assets folder and does not to belong to any assembly definition file.
Script 'Packages/com.unity.2d.tilemap.extras/Runtime/Tiles/HexagonalRuleTile/HexagonalRuleTile.cs' will not be compiled because it exists outside the Assets folder and does not to belong to any assembly definition file.
Script 'Packages/com.unity.2d.tilemap.extras/Runtime/Tiles/RuleOverrideTile/AdvancedRuleOverrideTile.cs' will not be compiled because it exists outside the Assets folder and does not to belong to any assembly definition file.
Script 'Packages/com.unity.2d.tilemap.extras/Runtime/GridInformation/GridInformation.cs' will not be compiled because it exists outside the Assets folder and does not to belong to any assembly definition file.
Script 'Packages/com.unity.2d.tilemap.extras/Runtime/Tiles/AnimatedTile/AnimatedTile.cs' will not be compiled because it exists outside the Assets folder and does not to belong to any assembly definition file.
Script 'Packages/com.unity.2d.tilemap.extras/Runtime/Tiles/AutoTile/AutoTile.cs' will not be compiled because it exists outside the Assets folder and does not to belong to any assembly definition file.
Script 'Packages/com.unity.2d.tilemap.extras/Runtime/Tiles/RuleTile/RuleTile.cs' will not be compiled because it exists outside the Assets folder and does not to belong to any assembly definition file.
Script 'Packages/com.unity.2d.tilemap.extras/Runtime/Tiles/RuleOverrideTile/RuleOverrideTile.cs' will not be compiled because it exists outside the Assets folder and does not to belong to any assembly definition file.
Script 'Packages/com.unity.2d.tilemap.extras/Runtime/AssemblyInfo.cs' will not be compiled because it exists outside the Assets folder and does not to belong to any assembly definition file.
Script 'Packages/com.unity.2d.tilemap.extras/Runtime/Tiles/IsometricRuleTile/IsometricRuleTile.cs' will not be compiled because it exists outside the Assets folder and does not to belong to any assembly definition file.
Script 'Packages/com.unity.2d.tilemap.extras/Runtime/Tiles/HexagonalRuleTile/HexagonalRuleTile.cs' will not be compiled because it exists outside the Assets folder and does not to belong to any assembly definition file.
Begin MonoManager ReloadAssembly
- Loaded All Assemblies, in  3.765 seconds
Script 'Packages/com.unity.2d.tilemap.extras/Runtime/Tiles/RuleOverrideTile/AdvancedRuleOverrideTile.cs' will not be compiled because it exists outside the Assets folder and does not to belong to any assembly definition file.
Script 'Packages/com.unity.2d.tilemap.extras/Runtime/GridInformation/GridInformation.cs' will not be compiled because it exists outside the Assets folder and does not to belong to any assembly definition file.
Script 'Packages/com.unity.2d.tilemap.extras/Runtime/Tiles/AnimatedTile/AnimatedTile.cs' will not be compiled because it exists outside the Assets folder and does not to belong to any assembly definition file.
Script 'Packages/com.unity.2d.tilemap.extras/Runtime/Tiles/AutoTile/AutoTile.cs' will not be compiled because it exists outside the Assets folder and does not to belong to any assembly definition file.
Script 'Packages/com.unity.2d.tilemap.extras/Runtime/Tiles/RuleTile/RuleTile.cs' will not be compiled because it exists outside the Assets folder and does not to belong to any assembly definition file.
Script 'Packages/com.unity.2d.tilemap.extras/Runtime/Tiles/RuleOverrideTile/RuleOverrideTile.cs' will not be compiled because it exists outside the Assets folder and does not to belong to any assembly definition file.
Script 'Packages/com.unity.2d.tilemap.extras/Runtime/AssemblyInfo.cs' will not be compiled because it exists outside the Assets folder and does not to belong to any assembly definition file.
Script 'Packages/com.unity.2d.tilemap.extras/Runtime/Tiles/IsometricRuleTile/IsometricRuleTile.cs' will not be compiled because it exists outside the Assets folder and does not to belong to any assembly definition file.
Script 'Packages/com.unity.2d.tilemap.extras/Runtime/Tiles/HexagonalRuleTile/HexagonalRuleTile.cs' will not be compiled because it exists outside the Assets folder and does not to belong to any assembly definition file.
Refreshing native plugins compatible for Editor in 13.88 ms, found 4 plugins.
Native extension for iOS target not found
Native extension for Android target not found
Native extension for WindowsStandalone target not found
Script 'Packages/com.unity.2d.tilemap.extras/Runtime/Tiles/RuleOverrideTile/AdvancedRuleOverrideTile.cs' will not be compiled because it exists outside the Assets folder and does not to belong to any assembly definition file.
Script 'Packages/com.unity.2d.tilemap.extras/Runtime/GridInformation/GridInformation.cs' will not be compiled because it exists outside the Assets folder and does not to belong to any assembly definition file.
Script 'Packages/com.unity.2d.tilemap.extras/Runtime/Tiles/AnimatedTile/AnimatedTile.cs' will not be compiled because it exists outside the Assets folder and does not to belong to any assembly definition file.
Script 'Packages/com.unity.2d.tilemap.extras/Runtime/Tiles/AutoTile/AutoTile.cs' will not be compiled because it exists outside the Assets folder and does not to belong to any assembly definition file.
Script 'Packages/com.unity.2d.tilemap.extras/Runtime/Tiles/RuleTile/RuleTile.cs' will not be compiled because it exists outside the Assets folder and does not to belong to any assembly definition file.
Script 'Packages/com.unity.2d.tilemap.extras/Runtime/Tiles/RuleOverrideTile/RuleOverrideTile.cs' will not be compiled because it exists outside the Assets folder and does not to belong to any assembly definition file.
Script 'Packages/com.unity.2d.tilemap.extras/Runtime/AssemblyInfo.cs' will not be compiled because it exists outside the Assets folder and does not to belong to any assembly definition file.
Script 'Packages/com.unity.2d.tilemap.extras/Runtime/Tiles/IsometricRuleTile/IsometricRuleTile.cs' will not be compiled because it exists outside the Assets folder and does not to belong to any assembly definition file.
Script 'Packages/com.unity.2d.tilemap.extras/Runtime/Tiles/HexagonalRuleTile/HexagonalRuleTile.cs' will not be compiled because it exists outside the Assets folder and does not to belong to any assembly definition file.
Mono: successfully reloaded assembly
Package Manager log level set to [2]
[Package Manager] Failed to launch server process. Reason: Unity was launched with the -noUpm command-line argument
[Package Manager] Unable to send message (not connected to server process).
[Package Manager] Cannot connect to Unity Package Manager local server
[Package Manager] Failed to launch server process. Reason: Unity was launched with the -noUpm command-line argument
[Package Manager] Unable to send message (not connected to server process).
[Package Manager] Cannot connect to Unity Package Manager local server
- Finished resetting the current domain, in  3.868 seconds
Domain Reload Profiling: 7625ms
	BeginReloadAssembly (725ms)
		ExecutionOrderSort (0ms)
		DisableScriptedObjects (29ms)
		BackupInstance (0ms)
		ReleaseScriptingObjects (0ms)
		CreateAndSetChildDomain (84ms)
	RebuildCommonClasses (138ms)
	RebuildNativeTypeToScriptingClass (35ms)
	initialDomainReloadingComplete (201ms)
	LoadAllAssembliesAndSetupDomain (2652ms)
		LoadAssemblies (1617ms)
		RebuildTransferFunctionScriptingTraits (0ms)
		AnalyzeDomain (1521ms)
			TypeCache.Refresh (1241ms)
				TypeCache.ScanAssembly (1182ms)
			BuildScriptInfoCaches (232ms)
			ResolveRequiredComponents (42ms)
	FinalizeReload (3873ms)
		ReleaseScriptCaches (0ms)
		RebuildScriptCaches (0ms)
		SetupLoadedEditorAssemblies (3291ms)
			LogAssemblyErrors (0ms)
			InitializePlatformSupportModulesInManaged (45ms)
			SetLoadedEditorAssemblies (21ms)
			BeforeProcessingInitializeOnLoad (795ms)
			ProcessInitializeOnLoadAttributes (1490ms)
			ProcessInitializeOnLoadMethodAttributes (925ms)
			AfterProcessingInitializeOnLoad (12ms)
			EditorAssembliesLoaded (3ms)
		ExecutionOrderSort2 (0ms)
		AwakeInstancesAfterBackupRestoration (32ms)
Launched and connected shader compiler UnityShaderCompiler.exe after 0.03 seconds
Refreshing native plugins compatible for Editor in 12.78 ms, found 4 plugins.
Preloading 0 native plugins for Editor in 0.00 ms.
Unloading 231 Unused Serialized files (Serialized files now loaded: 0)
Unloading 6927 unused Assets / (4.1 MB). Loaded Objects now: 7646.
Memory consumption went from 169.5 MB to 165.4 MB.
Total: 33.574400 ms (FindLiveObjects: 2.246000 ms CreateObjectMapping: 2.824200 ms MarkObjects: 17.158800 ms  DeleteObjects: 11.343100 ms)

========================================================================
Received Import Request.
  Time since last request: 75763.957378 seconds.
  path: Assets/tactical defence td/icon.png
  artifactKey: Guid(096c1cc993cc4c841847efdf1c61b007) Importer(815301076,1909f56bfc062723c751e8b465ee728b)
Start importing Assets/tactical defence td/icon.png using Guid(096c1cc993cc4c841847efdf1c61b007) Importer(815301076,1909f56bfc062723c751e8b465ee728b) (PreviewImporter) -> (artifact id: '3a256a3c02cda46ef427521a783a12df') in 0.5863722 seconds
Number of updated asset objects reloaded before import = 0Number of asset objects unloaded after import = 3

========================================================================
Received Import Request.
  Time since last request: 0.001083 seconds.
  path: Packages/com.unity.2d.tilemap.extras/Editor/Unity.2D.Tilemap.Extras.Editor.asmdef
  artifactKey: Guid(cbdf09464b6b87745be748a67e5a21a0) Importer(815301076,1909f56bfc062723c751e8b465ee728b)
Start importing Packages/com.unity.2d.tilemap.extras/Editor/Unity.2D.Tilemap.Extras.Editor.asmdef using Guid(cbdf09464b6b87745be748a67e5a21a0) Importer(815301076,1909f56bfc062723c751e8b465ee728b) (PreviewImporter) -> (artifact id: '36aef45f90a0b58641bdb82f52d6c030') in 0.0022924 seconds
Number of updated asset objects reloaded before import = 0Number of asset objects unloaded after import = 0

========================================================================
Received Import Request.
  Time since last request: 109.597811 seconds.
  path: Assets/DefaultVolumeProfile.asset
  artifactKey: Guid(3f9215ea0144899419cfbc0957140d3f) Importer(815301076,1909f56bfc062723c751e8b465ee728b)
Start importing Assets/DefaultVolumeProfile.asset using Guid(3f9215ea0144899419cfbc0957140d3f) Importer(815301076,1909f56bfc062723c751e8b465ee728b) (PreviewImporter) -> (artifact id: '1e3ee85287093c2e01e2184a29fd3edf') in 0.0027151 seconds
Number of updated asset objects reloaded before import = 0Number of asset objects unloaded after import = 0

========================================================================
Received Import Request.
  Time since last request: 0.000089 seconds.
  path: Assets/InputSystem_Actions.inputactions
  artifactKey: Guid(2bcd2660ca9b64942af0de543d8d7100) Importer(815301076,1909f56bfc062723c751e8b465ee728b)
Start importing Assets/InputSystem_Actions.inputactions using Guid(2bcd2660ca9b64942af0de543d8d7100) Importer(815301076,1909f56bfc062723c751e8b465ee728b) (PreviewImporter) -> (artifact id: '1526cf67c1d1aaa9a72597cdbc7bb0b0') in 0.017544 seconds
Number of updated asset objects reloaded before import = 0Number of asset objects unloaded after import = 19

========================================================================
Received Import Request.
  Time since last request: 0.000054 seconds.
  path: Assets/Readme.asset
  artifactKey: Guid(7f2c382dc2c22446db59030979f6e495) Importer(815301076,1909f56bfc062723c751e8b465ee728b)
Start importing Assets/Readme.asset using Guid(7f2c382dc2c22446db59030979f6e495) Importer(815301076,1909f56bfc062723c751e8b465ee728b) (PreviewImporter) -> (artifact id: 'e2339008487019e865a17bdb43e2d5b0') in 0.0048079 seconds
Number of updated asset objects reloaded before import = 0Number of asset objects unloaded after import = 1

========================================================================
Received Import Request.
  Time since last request: 0.000031 seconds.
  path: Assets/UniversalRenderPipelineGlobalSettings.asset
  artifactKey: Guid(93b439a37f63240aca3dd4e01d978a9f) Importer(815301076,1909f56bfc062723c751e8b465ee728b)
Start importing Assets/UniversalRenderPipelineGlobalSettings.asset using Guid(93b439a37f63240aca3dd4e01d978a9f) Importer(815301076,1909f56bfc062723c751e8b465ee728b) (PreviewImporter) -> (artifact id: 'e5ed7e10103e17af74678a82861812c3') in 0.0016985 seconds
Number of updated asset objects reloaded before import = 0Number of asset objects unloaded after import = 0

========================================================================
Received Import Request.
  Time since last request: 2.518868 seconds.
  path: Assets/Scenes
  artifactKey: Guid(109e9bdd0fcc649c5bc59085c35bdc83) Importer(815301076,1909f56bfc062723c751e8b465ee728b)
Start importing Assets/Scenes using Guid(109e9bdd0fcc649c5bc59085c35bdc83) Importer(815301076,1909f56bfc062723c751e8b465ee728b) (PreviewImporter) -> (artifact id: 'afdff4c3a2fdaa6f8b2ca806ac4aa93d') in 0.0015267 seconds
Number of updated asset objects reloaded before import = 0Number of asset objects unloaded after import = 0

========================================================================
Received Import Request.
  Time since last request: 2.158467 seconds.
  path: Assets/Scenes/menu.unity
  artifactKey: Guid(037db0c336a3f7f41a24316def9e3696) Importer(815301076,1909f56bfc062723c751e8b465ee728b)
Start importing Assets/Scenes/menu.unity using Guid(037db0c336a3f7f41a24316def9e3696) Importer(815301076,1909f56bfc062723c751e8b465ee728b) (PreviewImporter) -> (artifact id: '547dc57e85f305710e9d5bb6af4391d1') in 0.0008561 seconds
Number of updated asset objects reloaded before import = 0Number of asset objects unloaded after import = 0

========================================================================
Received Prepare
Refreshing native plugins compatible for Editor in 5.83 ms, found 4 plugins.
Preloading 0 native plugins for Editor in 0.00 ms.
Unloading 13 Unused Serialized files (Serialized files now loaded: 0)
Unloading 13 unused Assets / (2.2 MB). Loaded Objects now: 7655.
Memory consumption went from 131.0 MB to 128.8 MB.
Total: 1467.977800 ms (FindLiveObjects: 0.944000 ms CreateObjectMapping: 0.566700 ms MarkObjects: 1465.613800 ms  DeleteObjects: 0.850800 ms)

Prepare: number of updated asset objects reloaded= 166
AssetImportParameters requested are different than current active one (requested -> active):
0x00007ffee277018e (Unity) StackWalker::ShowCallstack
0x00007ffee277fb19 (Unity) PlatformStacktrace::GetStacktrace
0x00007ffee39c449e (Unity) Stacktrace::GetStacktrace
0x00007ffee3f6416f (Unity) DebugStringToFile
0x00007ffee3bc486e (Unity) VerifyAssetImportParametersConsistency
0x00007ffee3b93931 (Unity) <lambda_55e409fceb4775b6a20d302ccfd3743f>::operator()
0x00007ffee3c76bff (Unity) asio::detail::completion_handler<core::mutable_function<void __cdecl(void)>,asio::io_context::basic_executor_type<std::allocator<void>,0> >::do_complete
0x00007ffee3c64301 (Unity) asio::detail::win_iocp_io_context::do_one
0x00007ffee3c65644 (Unity) asio::detail::win_iocp_io_context::run
0x00007ffee3c7523c (Unity) IOService::Run
0x00007ffee3bbea58 (Unity) RunAssetImportWorkerClientV2
0x00007ffee3bbeb1b (Unity) RunAssetImporterV2
0x00007ffee33e990b (Unity) Application::InitializeProject
0x00007ffee39d0583 (Unity) UnityMain
0x00007ff6cabe2f2a (Unity) __scrt_common_main_seh
0x00007fff64fe74b4 (KERNEL32) BaseThreadInitThunk
0x00007fff662a26a1 (ntdll) RtlUserThreadStart

  buildTarget: platform 9, subtarget 2, extendedPlatform 0 -> platform 19, subtarget 2, extendedPlatform 0
0x00007ffee277018e (Unity) StackWalker::ShowCallstack
0x00007ffee277fb19 (Unity) PlatformStacktrace::GetStacktrace
0x00007ffee39c449e (Unity) Stacktrace::GetStacktrace
0x00007ffee3f6416f (Unity) DebugStringToFile
0x00007ffee3bc4943 (Unity) VerifyAssetImportParametersConsistency
0x00007ffee3b93931 (Unity) <lambda_55e409fceb4775b6a20d302ccfd3743f>::operator()
0x00007ffee3c76bff (Unity) asio::detail::completion_handler<core::mutable_function<void __cdecl(void)>,asio::io_context::basic_executor_type<std::allocator<void>,0> >::do_complete
0x00007ffee3c64301 (Unity) asio::detail::win_iocp_io_context::do_one
0x00007ffee3c65644 (Unity) asio::detail::win_iocp_io_context::run
0x00007ffee3c7523c (Unity) IOService::Run
0x00007ffee3bbea58 (Unity) RunAssetImportWorkerClientV2
0x00007ffee3bbeb1b (Unity) RunAssetImporterV2
0x00007ffee33e990b (Unity) Application::InitializeProject
0x00007ffee39d0583 (Unity) UnityMain
0x00007ff6cabe2f2a (Unity) __scrt_common_main_seh
0x00007fff64fe74b4 (KERNEL32) BaseThreadInitThunk
0x00007fff662a26a1 (ntdll) RtlUserThreadStart

  graphicsApiMask: 65536 -> 262148
0x00007ffee277018e (Unity) StackWalker::ShowCallstack
0x00007ffee277fb19 (Unity) PlatformStacktrace::GetStacktrace
0x00007ffee39c449e (Unity) Stacktrace::GetStacktrace
0x00007ffee3f6416f (Unity) DebugStringToFile
0x00007ffee3bc4943 (Unity) VerifyAssetImportParametersConsistency
0x00007ffee3b93931 (Unity) <lambda_55e409fceb4775b6a20d302ccfd3743f>::operator()
0x00007ffee3c76bff (Unity) asio::detail::completion_handler<core::mutable_function<void __cdecl(void)>,asio::io_context::basic_executor_type<std::allocator<void>,0> >::do_complete
0x00007ffee3c64301 (Unity) asio::detail::win_iocp_io_context::do_one
0x00007ffee3c65644 (Unity) asio::detail::win_iocp_io_context::run
0x00007ffee3c7523c (Unity) IOService::Run
0x00007ffee3bbea58 (Unity) RunAssetImportWorkerClientV2
0x00007ffee3bbeb1b (Unity) RunAssetImporterV2
0x00007ffee33e990b (Unity) Application::InitializeProject
0x00007ffee39d0583 (Unity) UnityMain
0x00007ff6cabe2f2a (Unity) __scrt_common_main_seh
0x00007fff64fe74b4 (KERNEL32) BaseThreadInitThunk
0x00007fff662a26a1 (ntdll) RtlUserThreadStart

========================================================================
Received Prepare
Refreshing native plugins compatible for Editor in 13.41 ms, found 4 plugins.
Preloading 0 native plugins for Editor in 0.00 ms.
Unloading 13 Unused Serialized files (Serialized files now loaded: 0)
Unloading 13 unused Assets / (2.2 MB). Loaded Objects now: 7655.
Memory consumption went from 131.6 MB to 129.4 MB.
Total: 18.317400 ms (FindLiveObjects: 0.974600 ms CreateObjectMapping: 0.620800 ms MarkObjects: 15.230200 ms  DeleteObjects: 1.488900 ms)

Prepare: number of updated asset objects reloaded= 0
AssetImportParameters requested are different than current active one (requested -> active):
0x00007ffee277018e (Unity) StackWalker::ShowCallstack
0x00007ffee277fb19 (Unity) PlatformStacktrace::GetStacktrace
0x00007ffee39c449e (Unity) Stacktrace::GetStacktrace
0x00007ffee3f6416f (Unity) DebugStringToFile
0x00007ffee3bc486e (Unity) VerifyAssetImportParametersConsistency
0x00007ffee3b93931 (Unity) <lambda_55e409fceb4775b6a20d302ccfd3743f>::operator()
0x00007ffee3c76bff (Unity) asio::detail::completion_handler<core::mutable_function<void __cdecl(void)>,asio::io_context::basic_executor_type<std::allocator<void>,0> >::do_complete
0x00007ffee3c64301 (Unity) asio::detail::win_iocp_io_context::do_one
0x00007ffee3c65644 (Unity) asio::detail::win_iocp_io_context::run
0x00007ffee3c7523c (Unity) IOService::Run
0x00007ffee3bbea58 (Unity) RunAssetImportWorkerClientV2
0x00007ffee3bbeb1b (Unity) RunAssetImporterV2
0x00007ffee33e990b (Unity) Application::InitializeProject
0x00007ffee39d0583 (Unity) UnityMain
0x00007ff6cabe2f2a (Unity) __scrt_common_main_seh
0x00007fff64fe74b4 (KERNEL32) BaseThreadInitThunk
0x00007fff662a26a1 (ntdll) RtlUserThreadStart

  buildTarget: platform 9, subtarget 2, extendedPlatform 0 -> platform 19, subtarget 2, extendedPlatform 0
0x00007ffee277018e (Unity) StackWalker::ShowCallstack
0x00007ffee277fb19 (Unity) PlatformStacktrace::GetStacktrace
0x00007ffee39c449e (Unity) Stacktrace::GetStacktrace
0x00007ffee3f6416f (Unity) DebugStringToFile
0x00007ffee3bc4943 (Unity) VerifyAssetImportParametersConsistency
0x00007ffee3b93931 (Unity) <lambda_55e409fceb4775b6a20d302ccfd3743f>::operator()
0x00007ffee3c76bff (Unity) asio::detail::completion_handler<core::mutable_function<void __cdecl(void)>,asio::io_context::basic_executor_type<std::allocator<void>,0> >::do_complete
0x00007ffee3c64301 (Unity) asio::detail::win_iocp_io_context::do_one
0x00007ffee3c65644 (Unity) asio::detail::win_iocp_io_context::run
0x00007ffee3c7523c (Unity) IOService::Run
0x00007ffee3bbea58 (Unity) RunAssetImportWorkerClientV2
0x00007ffee3bbeb1b (Unity) RunAssetImporterV2
0x00007ffee33e990b (Unity) Application::InitializeProject
0x00007ffee39d0583 (Unity) UnityMain
0x00007ff6cabe2f2a (Unity) __scrt_common_main_seh
0x00007fff64fe74b4 (KERNEL32) BaseThreadInitThunk
0x00007fff662a26a1 (ntdll) RtlUserThreadStart

  graphicsApiMask: 65536 -> 262148
0x00007ffee277018e (Unity) StackWalker::ShowCallstack
0x00007ffee277fb19 (Unity) PlatformStacktrace::GetStacktrace
0x00007ffee39c449e (Unity) Stacktrace::GetStacktrace
0x00007ffee3f6416f (Unity) DebugStringToFile
0x00007ffee3bc4943 (Unity) VerifyAssetImportParametersConsistency
0x00007ffee3b93931 (Unity) <lambda_55e409fceb4775b6a20d302ccfd3743f>::operator()
0x00007ffee3c76bff (Unity) asio::detail::completion_handler<core::mutable_function<void __cdecl(void)>,asio::io_context::basic_executor_type<std::allocator<void>,0> >::do_complete
0x00007ffee3c64301 (Unity) asio::detail::win_iocp_io_context::do_one
0x00007ffee3c65644 (Unity) asio::detail::win_iocp_io_context::run
0x00007ffee3c7523c (Unity) IOService::Run
0x00007ffee3bbea58 (Unity) RunAssetImportWorkerClientV2
0x00007ffee3bbeb1b (Unity) RunAssetImporterV2
0x00007ffee33e990b (Unity) Application::InitializeProject
0x00007ffee39d0583 (Unity) UnityMain
0x00007ff6cabe2f2a (Unity) __scrt_common_main_seh
0x00007fff64fe74b4 (KERNEL32) BaseThreadInitThunk
0x00007fff662a26a1 (ntdll) RtlUserThreadStart

========================================================================
Received Import Request.
  Time since last request: 151.092144 seconds.
  path: Assets/tactical defence td/icon.png
  artifactKey: Guid(096c1cc993cc4c841847efdf1c61b007) Importer(815301076,1909f56bfc062723c751e8b465ee728b)
Start importing Assets/tactical defence td/icon.png using Guid(096c1cc993cc4c841847efdf1c61b007) Importer(815301076,1909f56bfc062723c751e8b465ee728b) (PreviewImporter) -> (artifact id: '47cceeb17246423c74b19a2766ef1459') in 1.7621346 seconds
Number of updated asset objects reloaded before import = 0Number of asset objects unloaded after import = 3

